# JRE version: OpenJDK Runtime Environment (8.0_242-b01) (build 1.8.0_242-release-1644-b01)
# Java VM: OpenJDK 64-Bit Server VM (25.242-b01 mixed mode windows-amd64 compressed oops)
Heap:
 PSYoungGen      total 374784K, used 45879K [0x00000000d5580000, 0x00000000eea80000, 0x0000000100000000)
  eden space 334848K, 9% used [0x00000000d5580000,0x00000000d73616c0,0x00000000e9c80000)
  from space 39936K, 38% used [0x00000000e9c80000,0x00000000eab6c7c8,0x00000000ec380000)
  to   space 29184K, 0% used [0x00000000ece00000,0x00000000ece00000,0x00000000eea80000)
 ParOldGen       total 221184K, used 78175K [0x0000000080000000, 0x000000008d800000, 0x00000000d5580000)
  object space 221184K, 35% used [0x0000000080000000,0x0000000084c57ce0,0x000000008d800000)
 Metaspace       used 98425K, capacity 103132K, committed 103256K, reserved 1138688K
  class space    used 12930K, capacity 13879K, committed 13952K, reserved 1048576K
GC Heap History (10 events):
Event: 44.808 GC heap before
{Heap before GC invocations=15 (full 3):
 PSYoungGen      total 230912K, used 228661K [0x00000000d5580000, 0x00000000e9100000, 0x0000000100000000)
  eden space 208384K, 100% used [0x00000000d5580000,0x00000000e2100000,0x00000000e2100000)
  from space 22528K, 90% used [0x00000000e2100000,0x00000000e34cd4d0,0x00000000e3700000)
  to   space 25088K, 0% used [0x00000000e7880000,0x00000000e7880000,0x00000000e9100000)
 ParOldGen       total 136192K, used 31789K [0x0000000080000000, 0x0000000088500000, 0x00000000d5580000)
  object space 136192K, 23% used [0x0000000080000000,0x0000000081f0b4e8,0x0000000088500000)
 Metaspace       used 78170K, capacity 81728K, committed 81880K, reserved 1120256K
  class space    used 10537K, capacity 11234K, committed 11264K, reserved 1048576K
Event: 44.930 GC heap after
Heap after GC invocations=15 (full 3):
 PSYoungGen      total 293376K, used 25087K [0x00000000d5580000, 0x00000000e9600000, 0x0000000100000000)
  eden space 268288K, 0% used [0x00000000d5580000,0x00000000d5580000,0x00000000e5b80000)
  from space 25088K, 99% used [0x00000000e7880000,0x00000000e90fff38,0x00000000e9100000)
  to   space 29696K, 0% used [0x00000000e5b80000,0x00000000e5b80000,0x00000000e7880000)
 ParOldGen       total 136192K, used 33979K [0x0000000080000000, 0x0000000088500000, 0x00000000d5580000)
  object space 136192K, 24% used [0x0000000080000000,0x000000008212edd0,0x0000000088500000)
 Metaspace       used 78170K, capacity 81728K, committed 81880K, reserved 1120256K
  class space    used 10537K, capacity 11234K, committed 11264K, reserved 1048576K
}
Event: 54.720 GC heap before
{Heap before GC invocations=16 (full 3):
 PSYoungGen      total 293376K, used 293375K [0x00000000d5580000, 0x00000000e9600000, 0x0000000100000000)
  eden space 268288K, 100% used [0x00000000d5580000,0x00000000e5b80000,0x00000000e5b80000)
  from space 25088K, 99% used [0x00000000e7880000,0x00000000e90fff38,0x00000000e9100000)
  to   space 29696K, 0% used [0x00000000e5b80000,0x00000000e5b80000,0x00000000e7880000)
 ParOldGen       total 136192K, used 33979K [0x0000000080000000, 0x0000000088500000, 0x00000000d5580000)
  object space 136192K, 24% used [0x0000000080000000,0x000000008212edd0,0x0000000088500000)
 Metaspace       used 89060K, capacity 93426K, committed 93656K, reserved 1130496K
  class space    used 11884K, capacity 12764K, committed 12800K, reserved 1048576K
Event: 54.947 GC heap after
Heap after GC invocations=16 (full 3):
 PSYoungGen      total 297984K, used 29664K [0x00000000d5580000, 0x00000000ef400000, 0x0000000100000000)
  eden space 268288K, 0% used [0x00000000d5580000,0x00000000d5580000,0x00000000e5b80000)
  from space 29696K, 99% used [0x00000000e5b80000,0x00000000e7878388,0x00000000e7880000)
  to   space 38912K, 0% used [0x00000000ece00000,0x00000000ece00000,0x00000000ef400000)
 ParOldGen       total 136192K, used 46555K [0x0000000080000000, 0x0000000088500000, 0x00000000d5580000)
  object space 136192K, 34% used [0x0000000080000000,0x0000000082d76e60,0x0000000088500000)
 Metaspace       used 89060K, capacity 93426K, committed 93656K, reserved 1130496K
  class space    used 11884K, capacity 12764K, committed 12800K, reserved 1048576K
}
Event: 700.383 GC heap before
{Heap before GC invocations=17 (full 3):
 PSYoungGen      total 297984K, used 255791K [0x00000000d5580000, 0x00000000ef400000, 0x0000000100000000)
  eden space 268288K, 84% used [0x00000000d5580000,0x00000000e3253a90,0x00000000e5b80000)
  from space 29696K, 99% used [0x00000000e5b80000,0x00000000e7878388,0x00000000e7880000)
  to   space 38912K, 0% used [0x00000000ece00000,0x00000000ece00000,0x00000000ef400000)
 ParOldGen       total 136192K, used 46555K [0x0000000080000000, 0x0000000088500000, 0x00000000d5580000)
  object space 136192K, 34% used [0x0000000080000000,0x0000000082d76e60,0x0000000088500000)
 Metaspace       used 93887K, capacity 98356K, committed 98380K, reserved 1134592K
  class space    used 12360K, capacity 13307K, committed 13312K, reserved 1048576K
Event: 700.504 GC heap after
Heap after GC invocations=17 (full 3):
 PSYoungGen      total 364032K, used 24915K [0x00000000d5580000, 0x00000000eea80000, 0x0000000100000000)
  eden space 334848K, 0% used [0x00000000d5580000,0x00000000d5580000,0x00000000e9c80000)
  from space 29184K, 85% used [0x00000000ece00000,0x00000000ee654c30,0x00000000eea80000)
  to   space 39936K, 0% used [0x00000000e9c80000,0x00000000e9c80000,0x00000000ec380000)
 ParOldGen       total 136192K, used 69778K [0x0000000080000000, 0x0000000088500000, 0x00000000d5580000)
  object space 136192K, 51% used [0x0000000080000000,0x0000000084424bc8,0x0000000088500000)
 Metaspace       used 93887K, capacity 98356K, committed 98380K, reserved 1134592K
  class space    used 12360K, capacity 13307K, committed 13312K, reserved 1048576K
}
Event: 700.504 GC heap before
{Heap before GC invocations=18 (full 4):
 PSYoungGen      total 364032K, used 24915K [0x00000000d5580000, 0x00000000eea80000, 0x0000000100000000)
  eden space 334848K, 0% used [0x00000000d5580000,0x00000000d5580000,0x00000000e9c80000)
  from space 29184K, 85% used [0x00000000ece00000,0x00000000ee654c30,0x00000000eea80000)
  to   space 39936K, 0% used [0x00000000e9c80000,0x00000000e9c80000,0x00000000ec380000)
 ParOldGen       total 136192K, used 69778K [0x0000000080000000, 0x0000000088500000, 0x00000000d5580000)
  object space 136192K, 51% used [0x0000000080000000,0x0000000084424bc8,0x0000000088500000)
 Metaspace       used 93887K, capacity 98356K, committed 98380K, reserved 1134592K
  class space    used 12360K, capacity 13307K, committed 13312K, reserved 1048576K
Event: 700.954 GC heap after
Heap after GC invocations=18 (full 4):
 PSYoungGen      total 364032K, used 0K [0x00000000d5580000, 0x00000000eea80000, 0x0000000100000000)
  eden space 334848K, 0% used [0x00000000d5580000,0x00000000d5580000,0x00000000e9c80000)
  from space 29184K, 0% used [0x00000000ece00000,0x00000000ece00000,0x00000000eea80000)
  to   space 39936K, 0% used [0x00000000e9c80000,0x00000000e9c80000,0x00000000ec380000)
 ParOldGen       total 221184K, used 78167K [0x0000000080000000, 0x000000008d800000, 0x00000000d5580000)
  object space 221184K, 35% used [0x0000000080000000,0x0000000084c55ce0,0x000000008d800000)
 Metaspace       used 93803K, capacity 98096K, committed 98380K, reserved 1134592K
  class space    used 12333K, capacity 13259K, committed 13312K, reserved 1048576K
}
Event: 777.183 GC heap before
{Heap before GC invocations=19 (full 4):
 PSYoungGen      total 364032K, used 334848K [0x00000000d5580000, 0x00000000eea80000, 0x0000000100000000)
  eden space 334848K, 100% used [0x00000000d5580000,0x00000000e9c80000,0x00000000e9c80000)
  from space 29184K, 0% used [0x00000000ece00000,0x00000000ece00000,0x00000000eea80000)
  to   space 39936K, 0% used [0x00000000e9c80000,0x00000000e9c80000,0x00000000ec380000)
 ParOldGen       total 221184K, used 78167K [0x0000000080000000, 0x000000008d800000, 0x00000000d5580000)
  object space 221184K, 35% used [0x0000000080000000,0x0000000084c55ce0,0x000000008d800000)
 Metaspace       used 98220K, capacity 102772K, committed 103000K, reserved 1138688K
  class space    used 12921K, capacity 13863K, committed 13952K, reserved 1048576K
Event: 777.265 GC heap after
Heap after GC invocations=19 (full 4):
 PSYoungGen      total 374784K, used 15281K [0x00000000d5580000, 0x00000000eea80000, 0x0000000100000000)
  eden space 334848K, 0% used [0x00000000d5580000,0x00000000d5580000,0x00000000e9c80000)
  from space 39936K, 38% used [0x00000000e9c80000,0x00000000eab6c7c8,0x00000000ec380000)
  to   space 29184K, 0% used [0x00000000ece00000,0x00000000ece00000,0x00000000eea80000)
 ParOldGen       total 221184K, used 78175K [0x0000000080000000, 0x000000008d800000, 0x00000000d5580000)
  object space 221184K, 35% used [0x0000000080000000,0x0000000084c57ce0,0x000000008d800000)
 Metaspace       used 98220K, capacity 102772K, committed 103000K, reserved 1138688K
  class space    used 12921K, capacity 13863K, committed 13952K, reserved 1048576K
}

