# JRE version: OpenJDK Runtime Environment (8.0_242-b01) (build 1.8.0_242-release-1644-b01)
# Java VM: OpenJDK 64-Bit Server VM (25.242-b01 mixed mode windows-amd64 compressed oops)
Heap:
 PSYoungGen      total 282624K, used 121695K [0x00000000d5580000, 0x00000000e8880000, 0x0000000100000000)
  eden space 264192K, 46% used [0x00000000d5580000,0x00000000dcc57d30,0x00000000e5780000)
  from space 18432K, 0% used [0x00000000e7500000,0x00000000e7500000,0x00000000e8700000)
  to   space 25088K, 0% used [0x00000000e5780000,0x00000000e5780000,0x00000000e7000000)
 ParOldGen       total 155648K, used 39582K [0x0000000080000000, 0x0000000089800000, 0x00000000d5580000)
  object space 155648K, 25% used [0x0000000080000000,0x00000000826a7bb0,0x0000000089800000)
 Metaspace       used 63184K, capacity 65686K, committed 65880K, reserved 1105920K
  class space    used 8456K, capacity 8995K, committed 9088K, reserved 1048576K
GC Heap History (10 events):
Event: 16.040 GC heap before
{Heap before GC invocations=7 (full 1):
 PSYoungGen      total 138240K, used 24185K [0x00000000d5580000, 0x00000000e3480000, 0x0000000100000000)
  eden space 133120K, 14% used [0x00000000d5580000,0x00000000d681e758,0x00000000dd780000)
  from space 5120K, 100% used [0x00000000dd780000,0x00000000ddc80000,0x00000000ddc80000)
  to   space 16896K, 0% used [0x00000000e2400000,0x00000000e2400000,0x00000000e3480000)
 ParOldGen       total 69632K, used 19397K [0x0000000080000000, 0x0000000084400000, 0x00000000d5580000)
  object space 69632K, 27% used [0x0000000080000000,0x00000000812f17c8,0x0000000084400000)
 Metaspace       used 34078K, capacity 35280K, committed 35416K, reserved 1079296K
  class space    used 4596K, capacity 4919K, committed 4992K, reserved 1048576K
Event: 16.056 GC heap after
Heap after GC invocations=7 (full 1):
 PSYoungGen      total 212992K, used 7466K [0x00000000d5580000, 0x00000000e3500000, 0x0000000100000000)
  eden space 196096K, 0% used [0x00000000d5580000,0x00000000d5580000,0x00000000e1500000)
  from space 16896K, 44% used [0x00000000e2400000,0x00000000e2b4ab88,0x00000000e3480000)
  to   space 15360K, 0% used [0x00000000e1500000,0x00000000e1500000,0x00000000e2400000)
 ParOldGen       total 69632K, used 19405K [0x0000000080000000, 0x0000000084400000, 0x00000000d5580000)
  object space 69632K, 27% used [0x0000000080000000,0x00000000812f37c8,0x0000000084400000)
 Metaspace       used 34078K, capacity 35280K, committed 35416K, reserved 1079296K
  class space    used 4596K, capacity 4919K, committed 4992K, reserved 1048576K
}
Event: 16.056 GC heap before
{Heap before GC invocations=8 (full 2):
 PSYoungGen      total 212992K, used 7466K [0x00000000d5580000, 0x00000000e3500000, 0x0000000100000000)
  eden space 196096K, 0% used [0x00000000d5580000,0x00000000d5580000,0x00000000e1500000)
  from space 16896K, 44% used [0x00000000e2400000,0x00000000e2b4ab88,0x00000000e3480000)
  to   space 15360K, 0% used [0x00000000e1500000,0x00000000e1500000,0x00000000e2400000)
 ParOldGen       total 69632K, used 19405K [0x0000000080000000, 0x0000000084400000, 0x00000000d5580000)
  object space 69632K, 27% used [0x0000000080000000,0x00000000812f37c8,0x0000000084400000)
 Metaspace       used 34078K, capacity 35280K, committed 35416K, reserved 1079296K
  class space    used 4596K, capacity 4919K, committed 4992K, reserved 1048576K
Event: 16.160 GC heap after
Heap after GC invocations=8 (full 2):
 PSYoungGen      total 212992K, used 0K [0x00000000d5580000, 0x00000000e3500000, 0x0000000100000000)
  eden space 196096K, 0% used [0x00000000d5580000,0x00000000d5580000,0x00000000e1500000)
  from space 16896K, 0% used [0x00000000e2400000,0x00000000e2400000,0x00000000e3480000)
  to   space 15360K, 0% used [0x00000000e1500000,0x00000000e1500000,0x00000000e2400000)
 ParOldGen       total 101376K, used 14384K [0x0000000080000000, 0x0000000086300000, 0x00000000d5580000)
  object space 101376K, 14% used [0x0000000080000000,0x0000000080e0c020,0x0000000086300000)
 Metaspace       used 34078K, capacity 35280K, committed 35416K, reserved 1079296K
  class space    used 4596K, capacity 4919K, committed 4992K, reserved 1048576K
}
Event: 71.758 GC heap before
{Heap before GC invocations=9 (full 2):
 PSYoungGen      total 212992K, used 196096K [0x00000000d5580000, 0x00000000e3500000, 0x0000000100000000)
  eden space 196096K, 100% used [0x00000000d5580000,0x00000000e1500000,0x00000000e1500000)
  from space 16896K, 0% used [0x00000000e2400000,0x00000000e2400000,0x00000000e3480000)
  to   space 15360K, 0% used [0x00000000e1500000,0x00000000e1500000,0x00000000e2400000)
 ParOldGen       total 101376K, used 14384K [0x0000000080000000, 0x0000000086300000, 0x00000000d5580000)
  object space 101376K, 14% used [0x0000000080000000,0x0000000080e0c020,0x0000000086300000)
 Metaspace       used 42498K, capacity 44384K, committed 44504K, reserved 1087488K
  class space    used 5695K, capacity 6055K, committed 6144K, reserved 1048576K
Event: 71.790 GC heap after
Heap after GC invocations=9 (full 2):
 PSYoungGen      total 211456K, used 15342K [0x00000000d5580000, 0x00000000e8700000, 0x0000000100000000)
  eden space 196096K, 0% used [0x00000000d5580000,0x00000000d5580000,0x00000000e1500000)
  from space 15360K, 99% used [0x00000000e1500000,0x00000000e23fbbc8,0x00000000e2400000)
  to   space 18432K, 0% used [0x00000000e7500000,0x00000000e7500000,0x00000000e8700000)
 ParOldGen       total 101376K, used 14668K [0x0000000080000000, 0x0000000086300000, 0x00000000d5580000)
  object space 101376K, 14% used [0x0000000080000000,0x0000000080e531e8,0x0000000086300000)
 Metaspace       used 42498K, capacity 44384K, committed 44504K, reserved 1087488K
  class space    used 5695K, capacity 6055K, committed 6144K, reserved 1048576K
}
Event: 161.554 GC heap before
{Heap before GC invocations=10 (full 2):
 PSYoungGen      total 211456K, used 177069K [0x00000000d5580000, 0x00000000e8700000, 0x0000000100000000)
  eden space 196096K, 82% used [0x00000000d5580000,0x00000000df36f960,0x00000000e1500000)
  from space 15360K, 99% used [0x00000000e1500000,0x00000000e23fbbc8,0x00000000e2400000)
  to   space 18432K, 0% used [0x00000000e7500000,0x00000000e7500000,0x00000000e8700000)
 ParOldGen       total 101376K, used 14668K [0x0000000080000000, 0x0000000086300000, 0x00000000d5580000)
  object space 101376K, 14% used [0x0000000080000000,0x0000000080e531e8,0x0000000086300000)
 Metaspace       used 56681K, capacity 58944K, committed 59028K, reserved 1099776K
  class space    used 7424K, capacity 7874K, committed 7936K, reserved 1048576K
Event: 161.613 GC heap after
Heap after GC invocations=10 (full 2):
 PSYoungGen      total 282624K, used 18402K [0x00000000d5580000, 0x00000000e8880000, 0x0000000100000000)
  eden space 264192K, 0% used [0x00000000d5580000,0x00000000d5580000,0x00000000e5780000)
  from space 18432K, 99% used [0x00000000e7500000,0x00000000e86f8880,0x00000000e8700000)
  to   space 25088K, 0% used [0x00000000e5780000,0x00000000e5780000,0x00000000e7000000)
 ParOldGen       total 101376K, used 23981K [0x0000000080000000, 0x0000000086300000, 0x00000000d5580000)
  object space 101376K, 23% used [0x0000000080000000,0x000000008176b578,0x0000000086300000)
 Metaspace       used 56681K, capacity 58944K, committed 59028K, reserved 1099776K
  class space    used 7424K, capacity 7874K, committed 7936K, reserved 1048576K
}
Event: 161.613 GC heap before
{Heap before GC invocations=11 (full 3):
 PSYoungGen      total 282624K, used 18402K [0x00000000d5580000, 0x00000000e8880000, 0x0000000100000000)
  eden space 264192K, 0% used [0x00000000d5580000,0x00000000d5580000,0x00000000e5780000)
  from space 18432K, 99% used [0x00000000e7500000,0x00000000e86f8880,0x00000000e8700000)
  to   space 25088K, 0% used [0x00000000e5780000,0x00000000e5780000,0x00000000e7000000)
 ParOldGen       total 101376K, used 23981K [0x0000000080000000, 0x0000000086300000, 0x00000000d5580000)
  object space 101376K, 23% used [0x0000000080000000,0x000000008176b578,0x0000000086300000)
 Metaspace       used 56681K, capacity 58944K, committed 59028K, reserved 1099776K
  class space    used 7424K, capacity 7874K, committed 7936K, reserved 1048576K
Event: 161.920 GC heap after
Heap after GC invocations=11 (full 3):
 PSYoungGen      total 282624K, used 0K [0x00000000d5580000, 0x00000000e8880000, 0x0000000100000000)
  eden space 264192K, 0% used [0x00000000d5580000,0x00000000d5580000,0x00000000e5780000)
  from space 18432K, 0% used [0x00000000e7500000,0x00000000e7500000,0x00000000e8700000)
  to   space 25088K, 0% used [0x00000000e5780000,0x00000000e5780000,0x00000000e7000000)
 ParOldGen       total 155648K, used 39582K [0x0000000080000000, 0x0000000089800000, 0x00000000d5580000)
  object space 155648K, 25% used [0x0000000080000000,0x00000000826a7bb0,0x0000000089800000)
 Metaspace       used 56616K, capacity 58774K, committed 59028K, reserved 1099776K
  class space    used 7406K, capacity 7851K, committed 7936K, reserved 1048576K
}

